[ 50%] [32mBuilding CXX object CMakeFiles/motors_driver_node.dir/src/motors_driver_node.cpp.o[0m
[01m[K/home/mike/ros2_can_test/src/zlac8015d/src/motors_driver_node.cpp:[m[K In member function â€˜[01m[Kcan_msgs::msg::Frame MotorsDriverNode::synchronized_velocity_send_frame(u_int16_t, u_int16_t)[m[Kâ€™:
[01m[K/home/mike/ros2_can_test/src/zlac8015d/src/motors_driver_node.cpp:54:7:[m[K [01;31m[Kerror: [m[Kexpected â€˜[01m[K;[m[Kâ€™ before â€˜[01m[Kstd[m[Kâ€™
   54 |       [01;31m[Kstd[m[K::array<uint8_t, 8UL> data;
      |       [01;31m[K^~~[m[K
[01m[K/home/mike/ros2_can_test/src/zlac8015d/src/motors_driver_node.cpp:55:7:[m[K [01;31m[Kerror: [m[Kâ€˜[01m[Kdata[m[Kâ€™ was not declared in this scope; did you mean â€˜[01m[Kstd::data[m[Kâ€™?
   55 |       [01;31m[Kdata[m[K[0] = 0x23; //Send request
      |       [01;31m[K^~~~[m[K
      |       [32m[Kstd::data[m[K
In file included from [01m[K/usr/include/c++/11/array:41[m[K,
                 from [01m[K/usr/include/c++/11/tuple:39[m[K,
                 from [01m[K/usr/include/c++/11/bits/unique_ptr.h:37[m[K,
                 from [01m[K/usr/include/c++/11/memory:76[m[K,
                 from [01m[K/home/mike/ros2_can_test/src/zlac8015d/src/motors_driver_node.cpp:1[m[K:
[01m[K/usr/include/c++/11/bits/range_access.h:319:5:[m[K [01;36m[Knote: [m[Kâ€˜[01m[Kstd::data[m[Kâ€™ declared here
  319 |     [01;36m[Kdata[m[K(initializer_list<_Tp> __il) noexcept
      |     [01;36m[K^~~~[m[K
gmake[2]: *** [CMakeFiles/motors_driver_node.dir/build.make:76: CMakeFiles/motors_driver_node.dir/src/motors_driver_node.cpp.o] Error 1
gmake[1]: *** [CMakeFiles/Makefile2:137: CMakeFiles/motors_driver_node.dir/all] Error 2
gmake: *** [Makefile:146: all] Error 2
