[01m[K/home/mike/ros2_can_test/src/zlac8015d/src/motors_driver_node.cpp:3:10:[m[K [01;31m[Kfatal error: [m[Krclcpp/rclcpp.hpp: No such file or directory
    3 | #include [01;31m[K"rclcpp/rclcpp.hpp"[m[K
      |          [01;31m[K^~~~~~~~~~~~~~~~~~~[m[K
compilation terminated.
gmake[2]: *** [CMakeFiles/motors_driver_node.dir/build.make:76: CMakeFiles/motors_driver_node.dir/src/motors_driver_node.cpp.o] Error 1
gmake[1]: *** [CMakeFiles/Makefile2:137: CMakeFiles/motors_driver_node.dir/all] Error 2
gmake: *** [Makefile:146: all] Error 2
