[0.232s] Invoking command in '/home/mike/ros2_can_test/build/zlac8015d': CMAKE_PREFIX_PATH=/home/mike/ros2_can_test/install/can_msgs:/home/mike/ros2_can_test/install/overlord100_msgs:/home/mike/ros2_can_test/install/wheels_data:/home/mike/ros2_can_test/install/ros2socketcan_bridge:/opt/ros/humble LD_LIBRARY_PATH=/home/mike/ros2_can_test/install/can_msgs/lib:/home/mike/ros2_can_test/install/overlord100_msgs/lib:/home/mike/ros2_can_test/install/wheels_data/lib:/usr/lib/x86_64-linux-gnu/gazebo-11/plugins:/opt/ros/humble/opt/rviz_ogre_vendor/lib:/opt/ros/humble/lib/x86_64-linux-gnu:/opt/ros/humble/lib /home/mike/.local/bin/cmake /home/mike/ros2_can_test/src/zlac8015d -DCMAKE_INSTALL_PREFIX=/home/mike/ros2_can_test/install/zlac8015d
[0.513s] -- The C compiler identification is GNU 11.4.0
[0.716s] -- The CXX compiler identification is GNU 11.4.0
[0.749s] -- Detecting C compiler ABI info
[0.931s] -- Detecting C compiler ABI info - done
[0.959s] -- Check for working C compiler: /usr/bin/cc - skipped
[0.961s] -- Detecting C compile features
[0.964s] -- Detecting C compile features - done
[0.973s] -- Detecting CXX compiler ABI info
[1.158s] -- Detecting CXX compiler ABI info - done
[1.192s] -- Check for working CXX compiler: /usr/bin/c++ - skipped
[1.194s] -- Detecting CXX compile features
[1.195s] -- Detecting CXX compile features - done
[1.201s] -- Found ament_cmake: 1.3.6 (/opt/ros/humble/share/ament_cmake/cmake)
[2.161s] -- Found Python3: /usr/bin/python3.10 (found version "3.10.12") found components: Interpreter 
[2.346s] -- Found ament_lint_auto: 0.12.9 (/opt/ros/humble/share/ament_lint_auto/cmake)
[2.498s] -- Added test 'cppcheck' to perform static code analysis on C / C++ code
[2.500s] -- Configured cppcheck include dirs: $<BUILD_INTERFACE:/home/mike/ros2_can_test/src/zlac8015d/include>
[2.500s] -- Configured cppcheck exclude dirs and/or files: 
[2.501s] -- Added test 'lint_cmake' to check CMake code style
[2.503s] -- Added test 'uncrustify' to check C / C++ code style
[2.503s] -- Configured uncrustify additional arguments: 
[2.505s] -- Added test 'xmllint' to check XML markup files
[2.508s] -- Configuring done (2.2s)
[2.522s] -- Generating done (0.0s)
[2.524s] -- Build files have been written to: /home/mike/ros2_can_test/build/zlac8015d
[2.538s] Invoked command in '/home/mike/ros2_can_test/build/zlac8015d' returned '0': CMAKE_PREFIX_PATH=/home/mike/ros2_can_test/install/can_msgs:/home/mike/ros2_can_test/install/overlord100_msgs:/home/mike/ros2_can_test/install/wheels_data:/home/mike/ros2_can_test/install/ros2socketcan_bridge:/opt/ros/humble LD_LIBRARY_PATH=/home/mike/ros2_can_test/install/can_msgs/lib:/home/mike/ros2_can_test/install/overlord100_msgs/lib:/home/mike/ros2_can_test/install/wheels_data/lib:/usr/lib/x86_64-linux-gnu/gazebo-11/plugins:/opt/ros/humble/opt/rviz_ogre_vendor/lib:/opt/ros/humble/lib/x86_64-linux-gnu:/opt/ros/humble/lib /home/mike/.local/bin/cmake /home/mike/ros2_can_test/src/zlac8015d -DCMAKE_INSTALL_PREFIX=/home/mike/ros2_can_test/install/zlac8015d
[2.541s] Invoking command in '/home/mike/ros2_can_test/build/zlac8015d': CMAKE_PREFIX_PATH=/home/mike/ros2_can_test/install/can_msgs:/home/mike/ros2_can_test/install/overlord100_msgs:/home/mike/ros2_can_test/install/wheels_data:/home/mike/ros2_can_test/install/ros2socketcan_bridge:/opt/ros/humble LD_LIBRARY_PATH=/home/mike/ros2_can_test/install/can_msgs/lib:/home/mike/ros2_can_test/install/overlord100_msgs/lib:/home/mike/ros2_can_test/install/wheels_data/lib:/usr/lib/x86_64-linux-gnu/gazebo-11/plugins:/opt/ros/humble/opt/rviz_ogre_vendor/lib:/opt/ros/humble/lib/x86_64-linux-gnu:/opt/ros/humble/lib /home/mike/.local/bin/cmake --build /home/mike/ros2_can_test/build/zlac8015d -- -j4 -l4
[2.631s] [ 50%] [32mBuilding CXX object CMakeFiles/motors_driver_node.dir/src/motors_driver_node.cpp.o[0m
[2.724s] [01m[K/home/mike/ros2_can_test/src/zlac8015d/src/motors_driver_node.cpp:3:10:[m[K [01;31m[Kfatal error: [m[Krclcpp/rclcpp.hpp: No such file or directory
[2.725s]     3 | #include [01;31m[K"rclcpp/rclcpp.hpp"[m[K
[2.725s]       |          [01;31m[K^~~~~~~~~~~~~~~~~~~[m[K
[2.725s] compilation terminated.
[2.727s] gmake[2]: *** [CMakeFiles/motors_driver_node.dir/build.make:76: CMakeFiles/motors_driver_node.dir/src/motors_driver_node.cpp.o] Error 1
[2.728s] gmake[1]: *** [CMakeFiles/Makefile2:137: CMakeFiles/motors_driver_node.dir/all] Error 2
[2.729s] gmake: *** [Makefile:146: all] Error 2
[2.738s] Invoked command in '/home/mike/ros2_can_test/build/zlac8015d' returned '2': CMAKE_PREFIX_PATH=/home/mike/ros2_can_test/install/can_msgs:/home/mike/ros2_can_test/install/overlord100_msgs:/home/mike/ros2_can_test/install/wheels_data:/home/mike/ros2_can_test/install/ros2socketcan_bridge:/opt/ros/humble LD_LIBRARY_PATH=/home/mike/ros2_can_test/install/can_msgs/lib:/home/mike/ros2_can_test/install/overlord100_msgs/lib:/home/mike/ros2_can_test/install/wheels_data/lib:/usr/lib/x86_64-linux-gnu/gazebo-11/plugins:/opt/ros/humble/opt/rviz_ogre_vendor/lib:/opt/ros/humble/lib/x86_64-linux-gnu:/opt/ros/humble/lib /home/mike/.local/bin/cmake --build /home/mike/ros2_can_test/build/zlac8015d -- -j4 -l4
